GALSKAB-S430: <<<<<<<<<<<<<<<<<<<<<<<<<<<
              2015 Sep 14 (Mon): 14:49:13
              <<<<<<<<<<<<<<<<<<<<<<<<<<<
              
GALSKAB-S430: ============================================================================
              Mesher selection: automatic: FPBA [support advanced surface impedance setup]
              ============================================================================
              
GALSKAB-S430: ===============================
              Processing CAD model
              Version 2014.5 (build 20141010)
              2015 Sep 14 (Mon): 14:49:14
              ===============================
              
==================================================================================================
== CST Matrix Calculation Priority Log                                                          ==
==================================================================================================
 
Priorities are sorted in ascending order beginning with the lowest priority
 
Priority:   1, shape   3: PCB:FR4, material: FR-4 (lossy)
Priority:   2, shape   1: PCB:Cobber_btn, material: Copper (annealed)
Priority:   2, shape   2: PCB:Cobber_top, material: Copper (annealed)
Priority:   2, shape   4: monopole:length1, material: Copper (annealed)
Priority:   2, shape   5: monopole:length2, material: Copper (annealed)
Priority:   2, shape   6: monopole:length3, material: Copper (annealed)
Priority:   2, shape   7: monopole:solid1, material: Copper (annealed)
Priority:   2, shape   8: monopole:width1, material: Copper (annealed)
Priority:   2, shape   9: monopole:width2, material: Copper (annealed)
 
==================================================================================================
 
GALSKAB-S430: =======================
              Finished CAD processing
              =======================
              
GALSKAB-S430: ===============================
              Processing CAD model
              Version 2014.5 (build 20141010)
              2015 Sep 14 (Mon): 14:49:14
              ===============================
              
GALSKAB-S430: =======================
              Finished CAD processing
              =======================
              
GALSKAB-S430: 1xN000: <<<<<<<<<<<<<<<<<<<<<<<<<<<
                      2015 Sep 14 (Mon): 14:49:14
                      <<<<<<<<<<<<<<<<<<<<<<<<<<<

GALSKAB-S430: 1xN000: =======================================
                      Matrix computation (FPBA)
                      	[FPBA accuracy enhancement is enabled]
                      Version 2014.5 (build 20141010)
                      2015 Sep 14 (Mon): 14:49:14
                      =======================================

GALSKAB-S430: 1xN000: ==================================
                      Finished matrix computation (FPBA)
                      ==================================

GALSKAB-S430: 1xN000: >>>>>>>>>>>>>>>>>>>>>>>>>>>
                      2015 Sep 14 (Mon): 14:49:18
                      >>>>>>>>>>>>>>>>>>>>>>>>>>>



GALSKAB-S430: 1xN001: <<<<<<<<<<<<<<<<<<<<<<<<<<<
                      2015 Sep 14 (Mon): 14:49:14
                      <<<<<<<<<<<<<<<<<<<<<<<<<<<

GALSKAB-S430: 1xN001: =======================================
                      Matrix computation (FPBA)
                      	[FPBA accuracy enhancement is enabled]
                      Version 2014.5 (build 20141010)
                      2015 Sep 14 (Mon): 14:49:14
                      =======================================

GALSKAB-S430: 1xN001: ==================================
                      Finished matrix computation (FPBA)
                      ==================================

GALSKAB-S430: 1xN001: >>>>>>>>>>>>>>>>>>>>>>>>>>>
                      2015 Sep 14 (Mon): 14:49:18
                      >>>>>>>>>>>>>>>>>>>>>>>>>>>



GALSKAB-S430: >>>>>>>>>>>>>>>>>>>>>>>>>>>
              2015 Sep 14 (Mon): 14:49:20
              >>>>>>>>>>>>>>>>>>>>>>>>>>>
              
